<?xml version="1.0" encoding="UTF-8"?>
<!-- Generated by org.testng.reporters.JUnitReportReporter -->
<testsuite hostname="IN4-C51" name="com.in4qa.Home.Tests.MasterTableTest" tests="1" failures="0" timestamp="27 May 2019 04:50:38 GMT" time="56.973" errors="0">
  <testcase name="CreateHomeMasters" time="56.973" classname="com.in4qa.Home.Tests.MasterTableTest"/>
</testsuite> <!-- com.in4qa.Home.Tests.MasterTableTest -->
