<?xml version="1.0" encoding="UTF-8"?>
<!-- Generated by org.testng.reporters.JUnitReportReporter -->
<testsuite hostname="IN4-C51" name="testScripts.Login" tests="1" failures="0" timestamp="28 May 2019 09:43:49 GMT" time="3.328" errors="0">
  <testcase name="loginTest" time="3.328" classname="testScripts.Login"/>
</testsuite> <!-- testScripts.Login -->
