<?xml version="1.0" encoding="UTF-8"?>
<!-- Generated by org.testng.reporters.JUnitReportReporter -->
<testsuite hostname="IN4-C51" name="driver.DriverScript" tests="1" failures="0" timestamp="28 May 2019 09:43:49 GMT" time="113.666" errors="0">
  <testcase name="runTset" time="113.666" classname="driver.DriverScript"/>
</testsuite> <!-- driver.DriverScript -->
