<?xml version="1.0" encoding="UTF-8"?>
<!-- Generated by org.testng.reporters.JUnitReportReporter -->
<testsuite skipped="1" hostname="IN4-C51" name="administrationTestCases.MasterTablesTests" tests="1" failures="0" timestamp="21 May 2019 13:38:14 GMT" time="0.000" errors="0">
  <testcase name="CreateHomeMasters" time="0.000" classname="administrationTestCases.MasterTablesTests">
    <skipped/>
  </testcase> <!-- CreateHomeMasters -->
</testsuite> <!-- administrationTestCases.MasterTablesTests -->
