<?xml version="1.0" encoding="UTF-8"?>
<!-- Generated by org.testng.reporters.JUnitReportReporter -->
<testsuite hostname="IN4-C51" name="testScripts.LoginAndVerify" tests="1" failures="0" timestamp="27 May 2019 04:50:38 GMT" time="3.197" errors="0">
  <testcase name="loginTest" time="3.197" classname="testScripts.LoginAndVerify"/>
</testsuite> <!-- testScripts.LoginAndVerify -->
